Removed Pin From Net: NetName=3V3 Pin=P2-17
Removed Pin From Net: NetName=GND Pin=P2-18
Added Component: Designator=P2(HEADER10x2)
Add component (AddParameter): Name = "LatestRevisionDate"; Value = "17-Jul-2002"; VariantName = "[No Variations]"
Add component (AddParameter): Name = "LatestRevisionNote"; Value = "Re-released for DXP Platform."; VariantName = "[No Variations]"
Add component (AddParameter): Name = "Publisher"; Value = "Altium Limited"; VariantName = "[No Variations]"
Added Pin To Net: NetName=P1 Pin=P2-1
Added Pin To Net: NetName=P13 Pin=P2-2
Added Pin To Net: NetName=P6 Pin=P2-3
Added Pin To Net: NetName=P5 Pin=P2-4
Added Pin To Net: NetName=P4 Pin=P2-5
Added Pin To Net: NetName=P3 Pin=P2-6
Added Pin To Net: NetName=P2 Pin=P2-7
Added Pin To Net: NetName=P12 Pin=P2-8
Added Pin To Net: NetName=P11 Pin=P2-9
Added Pin To Net: NetName=P10 Pin=P2-10
Added Pin To Net: NetName=P9 Pin=P2-11
Added Pin To Net: NetName=P8 Pin=P2-12
Added Pin To Net: NetName=P7 Pin=P2-13
Added Pin To Net: NetName=P16 Pin=P2-14
Added Pin To Net: NetName=P15 Pin=P2-15
Added Pin To Net: NetName=P14 Pin=P2-16
Added Pin To Net: NetName=3V3 Pin=P2-17
Added Pin To Net: NetName=GND Pin=P2-18
Added Room: Name=Schematic_Project
