Removed Pin From Net: NetName=3V3 Pin=C20-1
Removed Pin From Net: NetName=GND Pin=C20-2
Removed Pin From Net: NetName=NetC49_1 Pin=D4-2
Removed Pin From Net: NetName=INIT_B Pin=R25-1
Removed Pin From Net: NetName=INIT_B Pin=R26-1
Removed Pin From Net: NetName=INIT_B Pin=S7-1
Removed Pin From Net: NetName=NetP7_2 Pin=S8-1
Removed Pin From Net: NetName=INIT_B Pin=U4-AA9
Removed Pin From Net: NetName=TMS Pin=U4-V10
Removed Pin From Net: NetName=TCK Pin=U4-Y12
Added Component: Designator=C20(SMD_805)
Add component (AddParameter): Name = "LatestRevisionDate"; Value = "17-Jul-2002"; VariantName = "[No Variations]"
Add component (AddParameter): Name = "LatestRevisionNote"; Value = "Re-released for DXP Platform."; VariantName = "[No Variations]"
Add component (AddParameter): Name = "PackageDescription"; Value = "Radial Cap, Thru-Hole; 2 Leads; 0.3 in Pin Spacing"; VariantName = "[No Variations]"
Add component (AddParameter): Name = "PackageReference"; Value = "RAD-0.3"; VariantName = "[No Variations]"
Add component (AddParameter): Name = "Published"; Value = "8-Jun-2000"; VariantName = "[No Variations]"
Add component (AddParameter): Name = "Publisher"; Value = "Altium Limited"; VariantName = "[No Variations]"
Add component (AddParameter): Name = "Value"; Value = "100nF"; VariantName = "[No Variations]"
Added Component: Designator=D4(TVS)
Add component (AddParameter): Name = "Code_JEDEC"; Value = "DO-204-AL"; VariantName = "[No Variations]"
Add component (AddParameter): Name = "ComponentLink1Description"; Value = "Manufacturer Link"; VariantName = "[No Variations]"
Add component (AddParameter): Name = "ComponentLink1URL"; Value = "http://www.fairchildsemi.com/"; VariantName = "[No Variations]"
Add component (AddParameter): Name = "ComponentLink2Description"; Value = "Datasheet"; VariantName = "[No Variations]"
Add component (AddParameter): Name = "ComponentLink2URL"; Value = "http://www.fairchildsemi.com/ds/1N%2F1N4001.pdf"; VariantName = "[No Variations]"
Add component (AddParameter): Name = "DatasheetVersion"; Value = "1998"; VariantName = "[No Variations]"
Add component (AddParameter): Name = "LatestRevisionDate"; Value = "17-Jul-2002"; VariantName = "[No Variations]"
Add component (AddParameter): Name = "LatestRevisionNote"; Value = "Re-released for DXP Platform."; VariantName = "[No Variations]"
Add component (AddParameter): Name = "PackageDescription"; Value = "Diode, Axial; Body 5.2 x 2.7 mm (LxDia. max), Lead Dia. 0.86 mm (max)"; VariantName = "[No Variations]"
Add component (AddParameter): Name = "PackageReference"; Value = "DO-41"; VariantName = "[No Variations]"
Add component (AddParameter): Name = "PackageVersion"; Value = "Aug-1999"; VariantName = "[No Variations]"
Add component (AddParameter): Name = "Published"; Value = "8-Jun-2000"; VariantName = "[No Variations]"
Add component (AddParameter): Name = "Publisher"; Value = "Altium Limited"; VariantName = "[No Variations]"
Added Component: Designator=S8(SPST-2)
Add component (AddParameter): Name = "LatestRevisionDate"; Value = "17-Jul-2002"; VariantName = "[No Variations]"
Add component (AddParameter): Name = "LatestRevisionNote"; Value = "Re-released for DXP Platform."; VariantName = "[No Variations]"
Add component (AddParameter): Name = "PackageDescription"; Value = "Switch; 2 Leads"; VariantName = "[No Variations]"
Add component (AddParameter): Name = "PackageReference"; Value = "SPST-2"; VariantName = "[No Variations]"
Add component (AddParameter): Name = "Published"; Value = "24-Mar-1999"; VariantName = "[No Variations]"
Add component (AddParameter): Name = "Publisher"; Value = "Altium Limited"; VariantName = "[No Variations]"
Added Component: Designator=U7(XCF02S)
Add component (AddParameter): Name = "Code_JEDEC"; Value = "MO-153-AC"; VariantName = "[No Variations]"
Add component (AddParameter): Name = "ComponentLink1Description"; Value = "Platform Flash Datasheet"; VariantName = "[No Variations]"
Add component (AddParameter): Name = "ComponentLink1URL"; Value = "http://www.xilinx.com/support/documentation/data_sheets/ds123.pdf"; VariantName = "[No Variations]"
Add component (AddParameter): Name = "ComponentLink2Description"; Value = "VO20 Package Drawing"; VariantName = "[No Variations]"
Add component (AddParameter): Name = "ComponentLink2URL"; Value = "http://www.xilinx.com/support/documentation/package_specs/vo20.pdf"; VariantName = "[No Variations]"
Add component (AddParameter): Name = "ComponentLink3Description"; Value = "Configuration PROM Documents"; VariantName = "[No Variations]"
Add component (AddParameter): Name = "ComponentLink3URL"; Value = "http://www.xilinx.com/support/documentation/configuration_proms.htm"; VariantName = "[No Variations]"
Add component (AddParameter): Name = "ComponentLink4Description"; Value = "Xilinx.com Home"; VariantName = "[No Variations]"
Add component (AddParameter): Name = "ComponentLink4URL"; Value = "http://www.xilinx.com"; VariantName = "[No Variations]"
Add component (AddParameter): Name = "DatasheetVersion"; Value = "ver2.17, Oct-2009"; VariantName = "[No Variations]"
Add component (AddParameter): Name = "FirstPublished"; Value = "17-Sep-2003"; VariantName = "[No Variations]"
Add component (AddParameter): Name = "LatestRevisionDate"; Value = "16-Nov-2009"; VariantName = "[No Variations]"
Add component (AddParameter): Name = "LatestRevisionNote"; Value = "Updated to datasheet version 2.17, Oct-2009."; VariantName = "[No Variations]"
Add component (AddParameter): Name = "PackageDescription"; Value = "20-Pin Thin Shrink Small Outline Package (VO20)"; VariantName = "[No Variations]"
Add component (AddParameter): Name = "PackageReference"; Value = "VO20"; VariantName = "[No Variations]"
Add component (AddParameter): Name = "PackageVersion"; Value = "ver1.3, Dec-2008"; VariantName = "[No Variations]"
Add component (AddParameter): Name = "Publisher"; Value = "Altium Limited"; VariantName = "[No Variations]"
Add component (AddParameter): Name = "Supplier 1"; Value = "Digi-Key"; VariantName = "[No Variations]"
Add component (AddParameter): Name = "Supplier Part Number 1"; Value = "XCF02SVO20C-ND"; VariantName = "[No Variations]"
Added Pin To Net: NetName=GND Pin=C20-1
Added Pin To Net: NetName=3V3 Pin=C20-2
Added Pin To Net: NetName=NetC49_1 Pin=D4-2
Added Pin To Net: NetName=INIT_B Pin=R28-1
Added Pin To Net: NetName=NetR27_1 Pin=S7-1
Added Pin To Net: NetName=NetP7_2 Pin=S8-1
Added Pin To Net: NetName=NetD3_1 Pin=U4-AA9
Added Pin To Net: NetName=NetR35_2 Pin=U4-V10
Added Pin To Net: NetName=NetR33_2 Pin=U4-Y12
Added Pin To Net: NetName=DIN_92 Pin=U7-1
Added Pin To Net: NetName=FPGA_CLK Pin=U7-3
Added Pin To Net: NetName=TDI Pin=U7-4
Added Pin To Net: NetName=TMS Pin=U7-5
Added Pin To Net: NetName=TCK Pin=U7-6
Added Pin To Net: NetName=NetR27_1 Pin=U7-7
Added Pin To Net: NetName=INIT_B Pin=U7-8
Added Pin To Net: NetName=GND Pin=U7-11
Added Pin To Net: NetName=NetR24_1 Pin=U7-17
Added Pin To Net: NetName=3V3 Pin=U7-18
Added Pin To Net: NetName=3V3 Pin=U7-19
Added Pin To Net: NetName=3V3 Pin=U7-20
Added Pin To Net: NetName=NetD4_1 Pin=D4-1
Added Pin To Net: NetName=NetD4_1 Pin=S8-2
Added Net: Name=NetD4_1
Added Pin To Net: NetName=NetR25_1 Pin=R25-1
Added Pin To Net: NetName=NetR25_1 Pin=R26-1
Added Pin To Net: NetName=NetR25_1 Pin=U7-10
Added Net: Name=NetR25_1
Added Member To Class: ClassName=Schematic_Project Member=Component C16 Cap
Added Member To Class: ClassName=Schematic_Project Member=Component P2 Header 9X2
Added Member To Class: ClassName=Schematic_Project Member=Component U7 XCF02SVO20C
Added Room: Name=Schematic_Project
