Removed Pin From Net: NetName=GND Pin=D7-1
Removed Pin From Net: NetName=NetD7_2 Pin=D7-2
Change Component Footprint: Designator=D1 Old Footprint=LED-0 New Footprint=SMD_805
Change Component Footprint: Designator=D2 Old Footprint=LED-0 New Footprint=SMD_805
Change Component Footprint: Designator=D3 Old Footprint=LED-0 New Footprint=SMD_805
Change Component Footprint: Designator=D5 Old Footprint=LED-0 New Footprint=SMD_805
Change Component Footprint: Designator=D6 Old Footprint=LED-0 New Footprint=SMD_805
Change Component Footprint: Designator=D8 Old Footprint=LED-0 New Footprint=SMD_805
Change Component Footprint: Designator=C26 Old Footprint=RAD-0.3 New Footprint=SMD_805
Change Component Footprint: Designator=S1 Old Footprint=SPST-2 New Footprint=RES_B
Change Component Footprint: Designator=S2 Old Footprint=SPST-2 New Footprint=RES_B
Change Component Footprint: Designator=S3 Old Footprint=SPST-2 New Footprint=RES_B
Change Component Footprint: Designator=S4 Old Footprint=SPST-2 New Footprint=RES_B
Change Component Footprint: Designator=S6 Old Footprint=SPST-2 New Footprint=RES_B
Change Component Footprint: Designator=S7 Old Footprint=SPST-2 New Footprint=RES_B
Change Component Footprint: Designator=S8 Old Footprint=SPST-2 New Footprint=RES_B
Added Component: Designator=D7(1N5822)
Add component (AddParameter): Name = "Code_JEDEC"; Value = "DO-204-AL"; VariantName = "[No Variations]"
Add component (AddParameter): Name = "ComponentLink1Description"; Value = "Manufacturer Link"; VariantName = "[No Variations]"
Add component (AddParameter): Name = "ComponentLink1URL"; Value = "http://www.irf.com/"; VariantName = "[No Variations]"
Add component (AddParameter): Name = "ComponentLink2Description"; Value = "Datasheet"; VariantName = "[No Variations]"
Add component (AddParameter): Name = "ComponentLink2URL"; Value = "http://www.irf.com/product-info/datasheets/data/11dq03.pdf"; VariantName = "[No Variations]"
Add component (AddParameter): Name = "DatasheetVersion"; Value = "Dec-1997"; VariantName = "[No Variations]"
Add component (AddParameter): Name = "LatestRevisionDate"; Value = "17-Jul-2002"; VariantName = "[No Variations]"
Add component (AddParameter): Name = "LatestRevisionNote"; Value = "Re-released for DXP Platform."; VariantName = "[No Variations]"
Add component (AddParameter): Name = "PackageDescription"; Value = "Diode, Axial; Body 5.2 x 2.7 mm (LxDia. max), Lead Dia. 0.86 mm (max)"; VariantName = "[No Variations]"
Add component (AddParameter): Name = "PackageReference"; Value = "DO-204AL"; VariantName = "[No Variations]"
Add component (AddParameter): Name = "Published"; Value = "8-Jun-2000"; VariantName = "[No Variations]"
Add component (AddParameter): Name = "Publisher"; Value = "Altium Limited"; VariantName = "[No Variations]"
Added Pin To Net: NetName=GND Pin=D7-1
Added Pin To Net: NetName=NetD7_2 Pin=D7-2
Added Member To Class: ClassName=Schematic_Project Member=Component F1 Ferrite Bead
Added Member To Class: ClassName=Schematic_Project Member=Component F2 Ferrite Bead
Added Member To Class: ClassName=Schematic_Project Member=Component F3 Ferrite Bead
Added Member To Class: ClassName=Schematic_Project Member=Component F4 Ferrite Bead
Added Member To Class: ClassName=Schematic_Project Member=Component F5 Ferrite Bead
Added Room: Name=Schematic_Project
